Performing C SOURCE FILE Test WORKING_SYS_WAIT failed with the following output:
Change Dir: 'D:/a/brlcad_winci/brlcad_winci/brlcad_build/CMakeFiles/CMakeTmp'

Run Build Command(s): D:/a/_temp/-1212469507/ninja.exe -v cmTC_f5a8d
[1/2] C:\PROGRA~1\MICROS~2\2022\ENTERP~1\VC\Tools\MSVC\1444~1.352\bin\Hostx64\x64\cl.exe  /nologo -D_MBCS  /DWIN32 /D_WINDOWS -std:c11  -D_POSIX_C_SOURCE=200809L -D_XOPEN_SOURCE=700 -DWORKING_SYS_WAIT  /DWIN32 /D_WINDOWS -std:c11  -D_POSIX_C_SOURCE=200809L -D_XOPEN_SOURCE=700 /Zi /Ob0 /Od /RTC1 -std:c11 -MDd /showIncludes /FoCMakeFiles\cmTC_f5a8d.dir\src.c.obj /FdCMakeFiles\cmTC_f5a8d.dir\ /FS -c D:\a\brlcad_winci\brlcad_winci\brlcad_build\CMakeFiles\CMakeTmp\src.c
FAILED: [code=2] CMakeFiles/cmTC_f5a8d.dir/src.c.obj 
C:\PROGRA~1\MICROS~2\2022\ENTERP~1\VC\Tools\MSVC\1444~1.352\bin\Hostx64\x64\cl.exe  /nologo -D_MBCS  /DWIN32 /D_WINDOWS -std:c11  -D_POSIX_C_SOURCE=200809L -D_XOPEN_SOURCE=700 -DWORKING_SYS_WAIT  /DWIN32 /D_WINDOWS -std:c11  -D_POSIX_C_SOURCE=200809L -D_XOPEN_SOURCE=700 /Zi /Ob0 /Od /RTC1 -std:c11 -MDd /showIncludes /FoCMakeFiles\cmTC_f5a8d.dir\src.c.obj /FdCMakeFiles\cmTC_f5a8d.dir\ /FS -c D:\a\brlcad_winci\brlcad_winci\brlcad_build\CMakeFiles\CMakeTmp\src.c
D:\a\brlcad_winci\brlcad_winci\brlcad_build\CMakeFiles\CMakeTmp\src.c(3): fatal error C1083: Cannot open include file: 'sys/wait.h': No such file or directory
ninja: build stopped: subcommand failed.


Return value: 1
Source file was:

#include <sys/types.h>
#include <sys/wait.h>
#ifndef WEXITSTATUS
# define WEXITSTATUS(stat_val) ((unsigned int) (stat_val) >> 8)
#endif
#ifndef WIFEXITED
# define WIFEXITED(stat_val) (((stat_val) & 255) == 0)
#endif
int main(void) {
  int s;
  wait(&s);
  s = WIFEXITED(s) ? WEXITSTATUS(s) : 1;
  return 0;
}
Performing C SOURCE FILE Test HAVE_BASENAME failed with the following output:
Change Dir: 'D:/a/brlcad_winci/brlcad_winci/brlcad_build/CMakeFiles/CMakeTmp'

Run Build Command(s): D:/a/_temp/-1212469507/ninja.exe -v cmTC_920a8
[1/2] C:\PROGRA~1\MICROS~2\2022\ENTERP~1\VC\Tools\MSVC\1444~1.352\bin\Hostx64\x64\cl.exe  /nologo -D_MBCS  /DWIN32 /D_WINDOWS -std:c11  -D_POSIX_C_SOURCE=200809L -D_XOPEN_SOURCE=700 -DHAVE_BASENAME  /DWIN32 /D_WINDOWS -std:c11  -D_POSIX_C_SOURCE=200809L -D_XOPEN_SOURCE=700 /Zi /Ob0 /Od /RTC1 -std:c11 -MDd /showIncludes /FoCMakeFiles\cmTC_920a8.dir\src.c.obj /FdCMakeFiles\cmTC_920a8.dir\ /FS -c D:\a\brlcad_winci\brlcad_winci\brlcad_build\CMakeFiles\CMakeTmp\src.c
FAILED: [code=2] CMakeFiles/cmTC_920a8.dir/src.c.obj 
C:\PROGRA~1\MICROS~2\2022\ENTERP~1\VC\Tools\MSVC\1444~1.352\bin\Hostx64\x64\cl.exe  /nologo -D_MBCS  /DWIN32 /D_WINDOWS -std:c11  -D_POSIX_C_SOURCE=200809L -D_XOPEN_SOURCE=700 -DHAVE_BASENAME  /DWIN32 /D_WINDOWS -std:c11  -D_POSIX_C_SOURCE=200809L -D_XOPEN_SOURCE=700 /Zi /Ob0 /Od /RTC1 -std:c11 -MDd /showIncludes /FoCMakeFiles\cmTC_920a8.dir\src.c.obj /FdCMakeFiles\cmTC_920a8.dir\ /FS -c D:\a\brlcad_winci\brlcad_winci\brlcad_build\CMakeFiles\CMakeTmp\src.c
D:\a\brlcad_winci\brlcad_winci\brlcad_build\CMakeFiles\CMakeTmp\src.c(2): fatal error C1083: Cannot open include file: 'libgen.h': No such file or directory
ninja: build stopped: subcommand failed.


Return value: 1
Source file was:

#include <libgen.h>
int main(int argc, char *argv[]) {
if(!argc) return 1;
(void)basename(argv[0]);
return 0;
}
Performing C SOURCE FILE Test HAVE_DIRNAME failed with the following output:
Change Dir: 'D:/a/brlcad_winci/brlcad_winci/brlcad_build/CMakeFiles/CMakeTmp'

Run Build Command(s): D:/a/_temp/-1212469507/ninja.exe -v cmTC_9e6d7
[1/2] C:\PROGRA~1\MICROS~2\2022\ENTERP~1\VC\Tools\MSVC\1444~1.352\bin\Hostx64\x64\cl.exe  /nologo -D_MBCS  /DWIN32 /D_WINDOWS -std:c11  -D_POSIX_C_SOURCE=200809L -D_XOPEN_SOURCE=700 -DHAVE_DIRNAME  /DWIN32 /D_WINDOWS -std:c11  -D_POSIX_C_SOURCE=200809L -D_XOPEN_SOURCE=700 /Zi /Ob0 /Od /RTC1 -std:c11 -MDd /showIncludes /FoCMakeFiles\cmTC_9e6d7.dir\src.c.obj /FdCMakeFiles\cmTC_9e6d7.dir\ /FS -c D:\a\brlcad_winci\brlcad_winci\brlcad_build\CMakeFiles\CMakeTmp\src.c
FAILED: [code=2] CMakeFiles/cmTC_9e6d7.dir/src.c.obj 
C:\PROGRA~1\MICROS~2\2022\ENTERP~1\VC\Tools\MSVC\1444~1.352\bin\Hostx64\x64\cl.exe  /nologo -D_MBCS  /DWIN32 /D_WINDOWS -std:c11  -D_POSIX_C_SOURCE=200809L -D_XOPEN_SOURCE=700 -DHAVE_DIRNAME  /DWIN32 /D_WINDOWS -std:c11  -D_POSIX_C_SOURCE=200809L -D_XOPEN_SOURCE=700 /Zi /Ob0 /Od /RTC1 -std:c11 -MDd /showIncludes /FoCMakeFiles\cmTC_9e6d7.dir\src.c.obj /FdCMakeFiles\cmTC_9e6d7.dir\ /FS -c D:\a\brlcad_winci\brlcad_winci\brlcad_build\CMakeFiles\CMakeTmp\src.c
D:\a\brlcad_winci\brlcad_winci\brlcad_build\CMakeFiles\CMakeTmp\src.c(2): fatal error C1083: Cannot open include file: 'libgen.h': No such file or directory
ninja: build stopped: subcommand failed.


Return value: 1
Source file was:

#include <libgen.h>
int main(int argc, char *argv[]) {
if(!argc) return 1;
(void)dirname(argv[0]);
return 0;
}
Performing C SOURCE FILE Test HAVE_STATIC_ARRAYS failed with the following output:
Change Dir: 'D:/a/brlcad_winci/brlcad_winci/brlcad_build/CMakeFiles/CMakeTmp'

Run Build Command(s): D:/a/_temp/-1212469507/ninja.exe -v cmTC_b7f33
[1/2] C:\PROGRA~1\MICROS~2\2022\ENTERP~1\VC\Tools\MSVC\1444~1.352\bin\Hostx64\x64\cl.exe  /nologo -D_MBCS  /DWIN32 /D_WINDOWS -std:c11  -D_POSIX_C_SOURCE=200809L -D_XOPEN_SOURCE=700 -DHAVE_STATIC_ARRAYS  /DWIN32 /D_WINDOWS -std:c11  -D_POSIX_C_SOURCE=200809L -D_XOPEN_SOURCE=700 /Zi /Ob0 /Od /RTC1 -std:c11 -MDd /showIncludes /FoCMakeFiles\cmTC_b7f33.dir\src.c.obj /FdCMakeFiles\cmTC_b7f33.dir\ /FS -c D:\a\brlcad_winci\brlcad_winci\brlcad_build\CMakeFiles\CMakeTmp\src.c
FAILED: [code=2] CMakeFiles/cmTC_b7f33.dir/src.c.obj 
C:\PROGRA~1\MICROS~2\2022\ENTERP~1\VC\Tools\MSVC\1444~1.352\bin\Hostx64\x64\cl.exe  /nologo -D_MBCS  /DWIN32 /D_WINDOWS -std:c11  -D_POSIX_C_SOURCE=200809L -D_XOPEN_SOURCE=700 -DHAVE_STATIC_ARRAYS  /DWIN32 /D_WINDOWS -std:c11  -D_POSIX_C_SOURCE=200809L -D_XOPEN_SOURCE=700 /Zi /Ob0 /Od /RTC1 -std:c11 -MDd /showIncludes /FoCMakeFiles\cmTC_b7f33.dir\src.c.obj /FdCMakeFiles\cmTC_b7f33.dir\ /FS -c D:\a\brlcad_winci\brlcad_winci\brlcad_build\CMakeFiles\CMakeTmp\src.c
D:\a\brlcad_winci\brlcad_winci\brlcad_build\CMakeFiles\CMakeTmp\src.c(5): error C2143: syntax error: missing ']' before 'type'
D:\a\brlcad_winci\brlcad_winci\brlcad_build\CMakeFiles\CMakeTmp\src.c(5): error C2143: syntax error: missing ')' before 'type'
D:\a\brlcad_winci\brlcad_winci\brlcad_build\CMakeFiles\CMakeTmp\src.c(5): error C2143: syntax error: missing ';' before 'constant'
D:\a\brlcad_winci\brlcad_winci\brlcad_build\CMakeFiles\CMakeTmp\src.c(5): error C2059: syntax error: ')'
ninja: build stopped: subcommand failed.


Return value: 1
Source file was:

#include <stdio.h>
#include <string.h>

int foobar(char arg[static 100])
{
  return (int)arg[0];
}

int main(int ac, char *av[])
{
  char hello[100];

  if (ac > 0 && av)
    foobar(hello);
  return 0;
}

